
> gnomad-studio-v2@0.1.0 build
> next build

⚠ turbopack.root should be absolute, using: /home/gnomad/Antigravity Projects/Gnomad_Studio_Master_Project/gnomad-studio-v2
▲ Next.js 16.1.6 (Turbopack)

  Creating an optimized production build ...
✓ Compiled successfully in 3.8s
  Running TypeScript ...
  Collecting page data using 23 workers ...
Error: export const dynamic = "force-static"/export const revalidate not configured on route "/api/admin/clients" with "output: export". See more info here: https://nextjs.org/docs/advanced-features/static-html-export
    at module evaluation (.next/server/chunks/[root-of-the-server]__88cd4134._.js:1:2439)
    at instantiateModule (.next/server/chunks/[turbopack]_runtime.js:740:9)
    at instantiateRuntimeModule (.next/server/chunks/[turbopack]_runtime.js:768:12)
    at getOrInstantiateRuntimeModule (.next/server/chunks/[turbopack]_runtime.js:781:12)
    at Object.m (.next/server/chunks/[turbopack]_runtime.js:790:18)
    at Object.<anonymous> (.next/server/app/api/admin/clients/route.js:8:3)

> Build error occurred
Error: Failed to collect page data for /api/admin/clients
    at ignore-listed frames {
  type: 'Error'
}
