
Sites for project gnomad-studio-client

[90m┌──────────────────────[39m[90m┬──────────────────────────────────────[39m[90m┬─────────────────┐[39m
[90m│[39m[32m Site ID              [39m[90m│[39m[32m Default URL                          [39m[90m│[39m[32m App ID (if set) [39m[90m│[39m
[90m├──────────────────────[39m[90m┼──────────────────────────────────────[39m[90m┼─────────────────┤[39m
[90m│[39m demo1-gnomadstudio   [90m│[39m https://demo1-gnomadstudio.web.app   [90m│[39m --              [90m│[39m
[90m├──────────────────────[39m[90m┼──────────────────────────────────────[39m[90m┼─────────────────┤[39m
[90m│[39m demo10-gnomadstudio  [90m│[39m https://demo10-gnomadstudio.web.app  [90m│[39m --              [90m│[39m
[90m├──────────────────────[39m[90m┼──────────────────────────────────────[39m[90m┼─────────────────┤[39m
[90m│[39m demo11-gnomadstudio  [90m│[39m https://demo11-gnomadstudio.web.app  [90m│[39m --              [90m│[39m
[90m├──────────────────────[39m[90m┼──────────────────────────────────────[39m[90m┼─────────────────┤[39m
[90m│[39m demo12-gnomadstudio  [90m│[39m https://demo12-gnomadstudio.web.app  [90m│[39m --              [90m│[39m
[90m├──────────────────────[39m[90m┼──────────────────────────────────────[39m[90m┼─────────────────┤[39m
[90m│[39m demo13-gnomadstudio  [90m│[39m https://demo13-gnomadstudio.web.app  [90m│[39m --              [90m│[39m
[90m├──────────────────────[39m[90m┼──────────────────────────────────────[39m[90m┼─────────────────┤[39m
[90m│[39m demo14-gnomadstudio  [90m│[39m https://demo14-gnomadstudio.web.app  [90m│[39m --              [90m│[39m
[90m├──────────────────────[39m[90m┼──────────────────────────────────────[39m[90m┼─────────────────┤[39m
[90m│[39m demo15-gnomadstudio  [90m│[39m https://demo15-gnomadstudio.web.app  [90m│[39m --              [90m│[39m
[90m├──────────────────────[39m[90m┼──────────────────────────────────────[39m[90m┼─────────────────┤[39m
[90m│[39m demo16-gnomadstudio  [90m│[39m https://demo16-gnomadstudio.web.app  [90m│[39m --              [90m│[39m
[90m├──────────────────────[39m[90m┼──────────────────────────────────────[39m[90m┼─────────────────┤[39m
[90m│[39m demo17-gnomadstudio  [90m│[39m https://demo17-gnomadstudio.web.app  [90m│[39m --              [90m│[39m
[90m├──────────────────────[39m[90m┼──────────────────────────────────────[39m[90m┼─────────────────┤[39m
[90m│[39m demo18-gnomadstudio  [90m│[39m https://demo18-gnomadstudio.web.app  [90m│[39m --              [90m│[39m
[90m├──────────────────────[39m[90m┼──────────────────────────────────────[39m[90m┼─────────────────┤[39m
[90m│[39m demo19-gnomadstudio  [90m│[39m https://demo19-gnomadstudio.web.app  [90m│[39m --              [90m│[39m
[90m├──────────────────────[39m[90m┼──────────────────────────────────────[39m[90m┼─────────────────┤[39m
[90m│[39m demo2-gnomadstudio   [90m│[39m https://demo2-gnomadstudio.web.app   [90m│[39m --              [90m│[39m
[90m├──────────────────────[39m[90m┼──────────────────────────────────────[39m[90m┼─────────────────┤[39m
[90m│[39m demo20-gnomadstudio  [90m│[39m https://demo20-gnomadstudio.web.app  [90m│[39m --              [90m│[39m
[90m├──────────────────────[39m[90m┼──────────────────────────────────────[39m[90m┼─────────────────┤[39m
[90m│[39m demo21-gnomadstudio  [90m│[39m https://demo21-gnomadstudio.web.app  [90m│[39m --              [90m│[39m
[90m├──────────────────────[39m[90m┼──────────────────────────────────────[39m[90m┼─────────────────┤[39m
[90m│[39m demo22-gnomadstudio  [90m│[39m https://demo22-gnomadstudio.web.app  [90m│[39m --              [90m│[39m
[90m├──────────────────────[39m[90m┼──────────────────────────────────────[39m[90m┼─────────────────┤[39m
[90m│[39m demo23-gnomadstudio  [90m│[39m https://demo23-gnomadstudio.web.app  [90m│[39m --              [90m│[39m
[90m├──────────────────────[39m[90m┼──────────────────────────────────────[39m[90m┼─────────────────┤[39m
[90m│[39m demo24-gnomadstudio  [90m│[39m https://demo24-gnomadstudio.web.app  [90m│[39m --              [90m│[39m
[90m├──────────────────────[39m[90m┼──────────────────────────────────────[39m[90m┼─────────────────┤[39m
[90m│[39m demo25-gnomadstudio  [90m│[39m https://demo25-gnomadstudio.web.app  [90m│[39m --              [90m│[39m
[90m├──────────────────────[39m[90m┼──────────────────────────────────────[39m[90m┼─────────────────┤[39m
[90m│[39m demo26-gnomadstudio  [90m│[39m https://demo26-gnomadstudio.web.app  [90m│[39m --              [90m│[39m
[90m├──────────────────────[39m[90m┼──────────────────────────────────────[39m[90m┼─────────────────┤[39m
[90m│[39m demo27-gnomadstudio  [90m│[39m https://demo27-gnomadstudio.web.app  [90m│[39m --              [90m│[39m
[90m├──────────────────────[39m[90m┼──────────────────────────────────────[39m[90m┼─────────────────┤[39m
[90m│[39m demo28-gnomadstudio  [90m│[39m https://demo28-gnomadstudio.web.app  [90m│[39m --              [90m│[39m
[90m├──────────────────────[39m[90m┼──────────────────────────────────────[39m[90m┼─────────────────┤[39m
[90m│[39m demo29-gnomadstudio  [90m│[39m https://demo29-gnomadstudio.web.app  [90m│[39m --              [90m│[39m
[90m├──────────────────────[39m[90m┼──────────────────────────────────────[39m[90m┼─────────────────┤[39m
[90m│[39m demo3-gnomadstudio   [90m│[39m https://demo3-gnomadstudio.web.app   [90m│[39m --              [90m│[39m
[90m├──────────────────────[39m[90m┼──────────────────────────────────────[39m[90m┼─────────────────┤[39m
[90m│[39m demo30-gnomadstudio  [90m│[39m https://demo30-gnomadstudio.web.app  [90m│[39m --              [90m│[39m
[90m├──────────────────────[39m[90m┼──────────────────────────────────────[39m[90m┼─────────────────┤[39m
[90m│[39m demo31-gnomadstudio  [90m│[39m https://demo31-gnomadstudio.web.app  [90m│[39m --              [90m│[39m
[90m├──────────────────────[39m[90m┼──────────────────────────────────────[39m[90m┼─────────────────┤[39m
[90m│[39m demo32-gnomadstudio  [90m│[39m https://demo32-gnomadstudio.web.app  [90m│[39m --              [90m│[39m
[90m├──────────────────────[39m[90m┼──────────────────────────────────────[39m[90m┼─────────────────┤[39m
[90m│[39m demo33-gnomadstudio  [90m│[39m https://demo33-gnomadstudio.web.app  [90m│[39m --              [90m│[39m
[90m├──────────────────────[39m[90m┼──────────────────────────────────────[39m[90m┼─────────────────┤[39m
[90m│[39m demo34-gnomadstudio  [90m│[39m https://demo34-gnomadstudio.web.app  [90m│[39m --              [90m│[39m
[90m├──────────────────────[39m[90m┼──────────────────────────────────────[39m[90m┼─────────────────┤[39m
[90m│[39m demo35-gnomadstudio  [90m│[39m https://demo35-gnomadstudio.web.app  [90m│[39m --              [90m│[39m
[90m├──────────────────────[39m[90m┼──────────────────────────────────────[39m[90m┼─────────────────┤[39m
[90m│[39m demo4-gnomadstudio   [90m│[39m https://demo4-gnomadstudio.web.app   [90m│[39m --              [90m│[39m
[90m├──────────────────────[39m[90m┼──────────────────────────────────────[39m[90m┼─────────────────┤[39m
[90m│[39m demo5-gnomadstudio   [90m│[39m https://demo5-gnomadstudio.web.app   [90m│[39m --              [90m│[39m
[90m├──────────────────────[39m[90m┼──────────────────────────────────────[39m[90m┼─────────────────┤[39m
[90m│[39m demo6-gnomadstudio   [90m│[39m https://demo6-gnomadstudio.web.app   [90m│[39m --              [90m│[39m
[90m├──────────────────────[39m[90m┼──────────────────────────────────────[39m[90m┼─────────────────┤[39m
[90m│[39m demo7-gnomadstudio   [90m│[39m https://demo7-gnomadstudio.web.app   [90m│[39m --              [90m│[39m
[90m├──────────────────────[39m[90m┼──────────────────────────────────────[39m[90m┼─────────────────┤[39m
[90m│[39m demo8-gnomadstudio   [90m│[39m https://demo8-gnomadstudio.web.app   [90m│[39m --              [90m│[39m
[90m├──────────────────────[39m[90m┼──────────────────────────────────────[39m[90m┼─────────────────┤[39m
[90m│[39m demo9-gnomadstudio   [90m│[39m https://demo9-gnomadstudio.web.app   [90m│[39m --              [90m│[39m
[90m├──────────────────────[39m[90m┼──────────────────────────────────────[39m[90m┼─────────────────┤[39m
[90m│[39m gnomad-studio-client [90m│[39m https://gnomad-studio-client.web.app [90m│[39m --              [90m│[39m
[90m└──────────────────────[39m[90m┴──────────────────────────────────────[39m[90m┴─────────────────┘[39m
