
Sites for project gnomad-studio-client

[90m┌──────────────────────[39m[90m┬──────────────────────────────────────[39m[90m┬─────────────────┐[39m
[90m│[39m[32m Site ID              [39m[90m│[39m[32m Default URL                          [39m[90m│[39m[32m App ID (if set) [39m[90m│[39m
[90m├──────────────────────[39m[90m┼──────────────────────────────────────[39m[90m┼─────────────────┤[39m
[90m│[39m demo1-gnomadstudio   [90m│[39m https://demo1-gnomadstudio.web.app   [90m│[39m --              [90m│[39m
[90m├──────────────────────[39m[90m┼──────────────────────────────────────[39m[90m┼─────────────────┤[39m
[90m│[39m demo10-gnomadstudio  [90m│[39m https://demo10-gnomadstudio.web.app  [90m│[39m --              [90m│[39m
[90m├──────────────────────[39m[90m┼──────────────────────────────────────[39m[90m┼─────────────────┤[39m
[90m│[39m demo11-gnomadstudio  [90m│[39m https://demo11-gnomadstudio.web.app  [90m│[39m --              [90m│[39m
[90m├──────────────────────[39m[90m┼──────────────────────────────────────[39m[90m┼─────────────────┤[39m
[90m│[39m demo12-gnomadstudio  [90m│[39m https://demo12-gnomadstudio.web.app  [90m│[39m --              [90m│[39m
[90m├──────────────────────[39m[90m┼──────────────────────────────────────[39m[90m┼─────────────────┤[39m
[90m│[39m demo13-gnomadstudio  [90m│[39m https://demo13-gnomadstudio.web.app  [90m│[39m --              [90m│[39m
[90m├──────────────────────[39m[90m┼──────────────────────────────────────[39m[90m┼─────────────────┤[39m
[90m│[39m demo14-gnomadstudio  [90m│[39m https://demo14-gnomadstudio.web.app  [90m│[39m --              [90m│[39m
[90m├──────────────────────[39m[90m┼──────────────────────────────────────[39m[90m┼─────────────────┤[39m
[90m│[39m demo15-gnomadstudio  [90m│[39m https://demo15-gnomadstudio.web.app  [90m│[39m --              [90m│[39m
[90m├──────────────────────[39m[90m┼──────────────────────────────────────[39m[90m┼─────────────────┤[39m
[90m│[39m demo16-gnomadstudio  [90m│[39m https://demo16-gnomadstudio.web.app  [90m│[39m --              [90m│[39m
[90m├──────────────────────[39m[90m┼──────────────────────────────────────[39m[90m┼─────────────────┤[39m
[90m│[39m demo17-gnomadstudio  [90m│[39m https://demo17-gnomadstudio.web.app  [90m│[39m --              [90m│[39m
[90m├──────────────────────[39m[90m┼──────────────────────────────────────[39m[90m┼─────────────────┤[39m
[90m│[39m demo18-gnomadstudio  [90m│[39m https://demo18-gnomadstudio.web.app  [90m│[39m --              [90m│[39m
[90m├──────────────────────[39m[90m┼──────────────────────────────────────[39m[90m┼─────────────────┤[39m
[90m│[39m demo19-gnomadstudio  [90m│[39m https://demo19-gnomadstudio.web.app  [90m│[39m --              [90m│[39m
[90m├──────────────────────[39m[90m┼──────────────────────────────────────[39m[90m┼─────────────────┤[39m
[90m│[39m demo2-gnomadstudio   [90m│[39m https://demo2-gnomadstudio.web.app   [90m│[39m --              [90m│[39m
[90m├──────────────────────[39m[90m┼──────────────────────────────────────[39m[90m┼─────────────────┤[39m
[90m│[39m demo20-gnomadstudio  [90m│[39m https://demo20-gnomadstudio.web.app  [90m│[39m --              [90m│[39m
[90m├──────────────────────[39m[90m┼──────────────────────────────────────[39m[90m┼─────────────────┤[39m
[90m│[39m demo3-gnomadstudio   [90m│[39m https://demo3-gnomadstudio.web.app   [90m│[39m --              [90m│[39m
[90m├──────────────────────[39m[90m┼──────────────────────────────────────[39m[90m┼─────────────────┤[39m
[90m│[39m demo4-gnomadstudio   [90m│[39m https://demo4-gnomadstudio.web.app   [90m│[39m --              [90m│[39m
[90m├──────────────────────[39m[90m┼──────────────────────────────────────[39m[90m┼─────────────────┤[39m
[90m│[39m demo5-gnomadstudio   [90m│[39m https://demo5-gnomadstudio.web.app   [90m│[39m --              [90m│[39m
[90m├──────────────────────[39m[90m┼──────────────────────────────────────[39m[90m┼─────────────────┤[39m
[90m│[39m demo6-gnomadstudio   [90m│[39m https://demo6-gnomadstudio.web.app   [90m│[39m --              [90m│[39m
[90m├──────────────────────[39m[90m┼──────────────────────────────────────[39m[90m┼─────────────────┤[39m
[90m│[39m demo7-gnomadstudio   [90m│[39m https://demo7-gnomadstudio.web.app   [90m│[39m --              [90m│[39m
[90m├──────────────────────[39m[90m┼──────────────────────────────────────[39m[90m┼─────────────────┤[39m
[90m│[39m demo8-gnomadstudio   [90m│[39m https://demo8-gnomadstudio.web.app   [90m│[39m --              [90m│[39m
[90m├──────────────────────[39m[90m┼──────────────────────────────────────[39m[90m┼─────────────────┤[39m
[90m│[39m demo9-gnomadstudio   [90m│[39m https://demo9-gnomadstudio.web.app   [90m│[39m --              [90m│[39m
[90m├──────────────────────[39m[90m┼──────────────────────────────────────[39m[90m┼─────────────────┤[39m
[90m│[39m gnomad-studio-client [90m│[39m https://gnomad-studio-client.web.app [90m│[39m --              [90m│[39m
[90m└──────────────────────[39m[90m┴──────────────────────────────────────[39m[90m┴─────────────────┘[39m
